\BOOKMARK [0][-]{chapter*.1}{Table of Contents}{}% 1
\BOOKMARK [0][-]{chapter.1}{3-D Datenrekonstruktion mit generative Adverserial Networks}{}% 2
\BOOKMARK [1][-]{section.1.1}{Einleitung}{chapter.1}% 3
\BOOKMARK [2][-]{subsection.1.1.1}{Objectives}{section.1.1}% 4
\BOOKMARK [2][-]{subsection.1.1.2}{Outline}{section.1.1}% 5
\BOOKMARK [1][-]{section.1.2}{Grundlagen und \344hnliche Arbeiten}{chapter.1}% 6
\BOOKMARK [2][-]{subsection.1.2.1}{Batch Normalisation}{section.1.2}% 7
\BOOKMARK [2][-]{subsection.1.2.2}{Datenformat}{section.1.2}% 8
\BOOKMARK [2][-]{subsection.1.2.3}{Woher stammen die Daten}{section.1.2}% 9
\BOOKMARK [2][-]{subsection.1.2.4}{autoencoder}{section.1.2}% 10
\BOOKMARK [3][-]{subsubsection.1.2.4.1}{Zielfunktion Autoencoder}{subsection.1.2.4}% 11
\BOOKMARK [2][-]{subsection.1.2.5}{Objekterkennung}{section.1.2}% 12
\BOOKMARK [2][-]{subsection.1.2.6}{Maschine Learning Basics}{section.1.2}% 13
\BOOKMARK [3][-]{subsubsection.1.2.6.1}{\334berwachtes Lernen}{subsection.1.2.6}% 14
\BOOKMARK [3][-]{subsubsection.1.2.6.2}{Un\374berwachtes Lernen}{subsection.1.2.6}% 15
\BOOKMARK [2][-]{subsection.1.2.7}{Die unterschiedlichen Aufgabengebiete im Maschine Learning}{section.1.2}% 16
\BOOKMARK [2][-]{subsection.1.2.8}{Deep Feedforward neuroal Networks}{section.1.2}% 17
\BOOKMARK [2][-]{subsection.1.2.9}{Backpropagation Algogrithmus}{section.1.2}% 18
\BOOKMARK [3][-]{subsubsection.1.2.9.1}{momentum}{subsection.1.2.9}% 19
\BOOKMARK [2][-]{subsection.1.2.10}{Nicht Lineare Gleichungssysteme}{section.1.2}% 20
\BOOKMARK [3][-]{subsubsection.1.2.10.1}{short title}{subsection.1.2.10}% 21
\BOOKMARK [2][-]{subsection.1.2.11}{Deep Learning und Informationstheorie}{section.1.2}% 22
\BOOKMARK [3][-]{subsubsection.1.2.11.1}{Hypothesen Raum}{subsection.1.2.11}% 23
\BOOKMARK [3][-]{subsubsection.1.2.11.2}{Netzwerkgr\366\337e und Trainings Daten gr\366\337e}{subsection.1.2.11}% 24
\BOOKMARK [2][-]{subsection.1.2.12}{Generative Modelle}{section.1.2}% 25
\BOOKMARK [2][-]{subsection.1.2.13}{Convolution Neural Networks}{section.1.2}% 26
\BOOKMARK [2][-]{subsection.1.2.14}{Generative Adversarial Network}{section.1.2}% 27
\BOOKMARK [2][-]{subsection.1.2.15}{Probleme mit Generative Adverserial Networks}{section.1.2}% 28
\BOOKMARK [2][-]{subsection.1.2.16}{L\366sungsans\344tze f\374r Generative Adverserial Networks Probleme}{section.1.2}% 29
\BOOKMARK [3][-]{subsubsection.1.2.16.1}{Conditional Adversarial Networks}{subsection.1.2.16}% 30
\BOOKMARK [2][-]{subsection.1.2.17}{Image-to-Image GAN}{section.1.2}% 31
\BOOKMARK [2][-]{subsection.1.2.18}{progressiv growing GAN}{section.1.2}% 32
\BOOKMARK [2][-]{subsection.1.2.19}{3D-GAN}{section.1.2}% 33
\BOOKMARK [1][-]{section.1.3}{Methoden}{chapter.1}% 34
\BOOKMARK [2][-]{subsection.1.3.1}{Aufbau}{section.1.3}% 35
\BOOKMARK [3][-]{subsubsection.1.3.1.1}{Datensatz}{subsection.1.3.1}% 36
\BOOKMARK [2][-]{subsection.1.3.2}{Ergebnis}{section.1.3}% 37
\BOOKMARK [1][-]{section.1.4}{Evaluation und Ergebnise}{chapter.1}% 38
\BOOKMARK [1][-]{section.1.5}{Zusammenfassung und Diskussion }{chapter.1}% 39
\BOOKMARK [0][-]{chapter*.3}{Abbildungsverzeichnis}{}% 40
\BOOKMARK [0][-]{chapter*.4}{Tabellenverzeichnis}{}% 41
\BOOKMARK [0][-]{chapter*.5}{Literaturverzeichnis}{}% 42
