This is pdfTeX, Version 3.14159265-2.6-1.40.19 (MiKTeX 2.9.6840 64-bit) (preloaded format=pdflatex 2018.10.21)  5 FEB 2019 09:48
entering extended mode
**"./GAN - Andreas Wiegandv2.tex"
("GAN - Andreas Wiegandv2.tex"
LaTeX2e <2018-04-01> patch level 5
(llncs.cls
Document Class: llncs 2017/09/04 v2.19 
 LaTeX document class for Lecture Notes in Computer Science
("C:\Program Files\MiKTeX 2.9\tex\latex\base\article.cls"
Document Class: article 2014/09/29 v1.4h Standard LaTeX document class
("C:\Program Files\MiKTeX 2.9\tex\latex\base\size10.clo"
File: size10.clo 2014/09/29 v1.4h Standard LaTeX file (size option)
)
\c@part=\count80
\c@section=\count81
\c@subsection=\count82
\c@subsubsection=\count83
\c@paragraph=\count84
\c@subparagraph=\count85
\c@figure=\count86
\c@table=\count87
\abovecaptionskip=\skip41
\belowcaptionskip=\skip42
\bibindent=\dimen102
)
("C:\Program Files\MiKTeX 2.9\tex\latex\tools\multicol.sty"
Package: multicol 2018/04/20 v1.8s multicolumn formatting (FMi)
\c@tracingmulticols=\count88
\mult@box=\box26
\multicol@leftmargin=\dimen103
\c@unbalance=\count89
\c@collectmore=\count90
\doublecol@number=\count91
\multicoltolerance=\count92
\multicolpretolerance=\count93
\full@width=\dimen104
\page@free=\dimen105
\premulticols=\dimen106
\postmulticols=\dimen107
\multicolsep=\skip43
\multicolbaselineskip=\skip44
\partial@page=\box27
\last@line=\box28
\maxbalancingoverflow=\dimen108
\mult@rightbox=\box29
\mult@grightbox=\box30
\mult@gfirstbox=\box31
\mult@firstbox=\box32
\@tempa=\box33
\@tempa=\box34
\@tempa=\box35
\@tempa=\box36
\@tempa=\box37
\@tempa=\box38
\@tempa=\box39
\@tempa=\box40
\@tempa=\box41
\@tempa=\box42
\@tempa=\box43
\@tempa=\box44
\@tempa=\box45
\@tempa=\box46
\@tempa=\box47
\@tempa=\box48
\@tempa=\box49
\c@columnbadness=\count94
\c@finalcolumnbadness=\count95
\last@try=\dimen109
\multicolovershoot=\dimen110
\multicolundershoot=\dimen111
\mult@nat@firstbox=\box50
\colbreak@box=\box51
\mc@col@check@num=\count96
)
("C:\Program Files\MiKTeX 2.9\tex\latex\oberdiek\aliascnt.sty"
Package: aliascnt 2018/09/07 v1.5 Alias counters (HO)
)
\c@chapter=\count97
LaTeX Font Info:    Redeclaring math symbol \Gamma on input line 362.
LaTeX Font Info:    Redeclaring math symbol \Delta on input line 363.
LaTeX Font Info:    Redeclaring math symbol \Theta on input line 364.
LaTeX Font Info:    Redeclaring math symbol \Lambda on input line 365.
LaTeX Font Info:    Redeclaring math symbol \Xi on input line 366.
LaTeX Font Info:    Redeclaring math symbol \Pi on input line 367.
LaTeX Font Info:    Redeclaring math symbol \Sigma on input line 368.
LaTeX Font Info:    Redeclaring math symbol \Upsilon on input line 369.
LaTeX Font Info:    Redeclaring math symbol \Phi on input line 370.
LaTeX Font Info:    Redeclaring math symbol \Psi on input line 371.
LaTeX Font Info:    Redeclaring math symbol \Omega on input line 372.
\tocchpnum=\dimen112
\tocsecnum=\dimen113
\tocsectotal=\dimen114
\tocsubsecnum=\dimen115
\tocsubsectotal=\dimen116
\tocsubsubsecnum=\dimen117
\tocsubsubsectotal=\dimen118
\tocparanum=\dimen119
\tocparatotal=\dimen120
\tocsubparanum=\dimen121
\@tempcntc=\count98
\fnindent=\dimen122
\c@@inst=\count99
\c@@auth=\count100
\c@auco=\count101
\instindent=\dimen123
\authrun=\box52
\authorrunning=\toks14
\tocauthor=\toks15
\titrun=\box53
\titlerunning=\toks16
\toctitle=\toks17
\c@theorem=\count102
\c@case=\count103
\c@conjecture=\count104
\c@corollary=\count105
\c@definition=\count106
\c@example=\count107
\c@exercise=\count108
\c@lemma=\count109
\c@note=\count110
\c@problem=\count111
\c@property=\count112
\c@proposition=\count113
\c@question=\count114
\c@solution=\count115
\c@remark=\count116
\headlineindent=\dimen124
)
("C:\Program Files\MiKTeX 2.9\tex\latex\base\inputenc.sty"
Package: inputenc 2018/04/06 v1.3b Input encoding file
\inpenc@prehook=\toks18
\inpenc@posthook=\toks19
)
("C:\Program Files\MiKTeX 2.9\tex\latex\amsfonts\amssymb.sty"
Package: amssymb 2013/01/14 v3.01 AMS font symbols

("C:\Program Files\MiKTeX 2.9\tex\latex\amsfonts\amsfonts.sty"
Package: amsfonts 2013/01/14 v3.01 Basic AMSFonts support
\@emptytoks=\toks20
\symAMSa=\mathgroup4
\symAMSb=\mathgroup5
LaTeX Font Info:    Overwriting math alphabet `\mathfrak' in version `bold'
(Font)                  U/euf/m/n --> U/euf/b/n on input line 106.
))
("C:\Program Files\MiKTeX 2.9\tex\generic\babel\babel.sty"
Package: babel 2018/10/16 3.26 The Babel package

("C:\Program Files\MiKTeX 2.9\tex\generic\babel\switch.def"
File: switch.def 2018/10/16 3.26 Babel switching mechanism
)
*************************************
* Local config file bblopts.cfg used
*
("C:\Program Files\MiKTeX 2.9\tex\latex\arabi\bblopts.cfg"
File: bblopts.cfg 2005/09/08 v0.1 add Arabic and Farsi to "declared" options of
 babel
)
("C:\Program Files\MiKTeX 2.9\tex\latex\babel-german\german.ldf"
Language: german 2018/03/29 v2.10 German support for babel (pre-1996 orthograph
y)

("C:\Program Files\MiKTeX 2.9\tex\latex\babel-german\germanb.ldf"
Language: germanb 2018/03/29 v2.10 German support for babel (pre-1996 orthograp
hy)

("C:\Program Files\MiKTeX 2.9\tex\generic\babel\babel.def"
File: babel.def 2018/10/16 3.26 Babel common definitions
\babel@savecnt=\count117
\U@D=\dimen125

("C:\Program Files\MiKTeX 2.9\tex\generic\babel\txtbabel.def")
\bbl@dirlevel=\count118
)
Package babel Info: Making " an active character on input line 135.
))
("C:\Program Files\MiKTeX 2.9\tex\latex\babel-english\english.ldf"
Language: english 2017/06/06 v3.3r English support from the babel system
\l@canadian = a dialect from \language\l@american 
\l@australian = a dialect from \language\l@british 
\l@newzealand = a dialect from \language\l@british 
))
("C:\Program Files\MiKTeX 2.9\tex\latex\hyperref\hyperref.sty"
Package: hyperref 2018/09/30 v6.88a Hypertext links for LaTeX

("C:\Program Files\MiKTeX 2.9\tex\generic\oberdiek\hobsub-hyperref.sty"
Package: hobsub-hyperref 2016/05/16 v1.14 Bundle oberdiek, subset hyperref (HO)


("C:\Program Files\MiKTeX 2.9\tex\generic\oberdiek\hobsub-generic.sty"
Package: hobsub-generic 2016/05/16 v1.14 Bundle oberdiek, subset generic (HO)
Package: hobsub 2016/05/16 v1.14 Construct package bundles (HO)
Package: infwarerr 2016/05/16 v1.4 Providing info/warning/error messages (HO)
Package: ltxcmds 2016/05/16 v1.23 LaTeX kernel commands for general use (HO)
Package: ifluatex 2016/05/16 v1.4 Provides the ifluatex switch (HO)
Package ifluatex Info: LuaTeX not detected.
Package: ifvtex 2016/05/16 v1.6 Detect VTeX and its facilities (HO)
Package ifvtex Info: VTeX not detected.
Package: intcalc 2016/05/16 v1.2 Expandable calculations with integers (HO)
Package: ifpdf 2018/09/07 v3.3 Provides the ifpdf switch
Package: etexcmds 2016/05/16 v1.6 Avoid name clashes with e-TeX commands (HO)
Package etexcmds Info: Could not find \expanded.
(etexcmds)             That can mean that you are not using pdfTeX 1.50 or
(etexcmds)             that some package has redefined \expanded.
(etexcmds)             In the latter case, load this package earlier.
Package: kvsetkeys 2016/05/16 v1.17 Key value parser (HO)
Package: kvdefinekeys 2016/05/16 v1.4 Define keys (HO)
Package: pdftexcmds 2018/09/10 v0.29 Utility functions of pdfTeX for LuaTeX (HO
)
Package pdftexcmds Info: LuaTeX not detected.
Package pdftexcmds Info: \pdf@primitive is available.
Package pdftexcmds Info: \pdf@ifprimitive is available.
Package pdftexcmds Info: \pdfdraftmode found.
Package: pdfescape 2016/05/16 v1.14 Implements pdfTeX's escape features (HO)
Package: bigintcalc 2016/05/16 v1.4 Expandable calculations on big integers (HO
)
Package: bitset 2016/05/16 v1.2 Handle bit-vector datatype (HO)
Package: uniquecounter 2016/05/16 v1.3 Provide unlimited unique counter (HO)
)
Package hobsub Info: Skipping package `hobsub' (already loaded).
Package: letltxmacro 2016/05/16 v1.5 Let assignment for LaTeX macros (HO)
Package: hopatch 2016/05/16 v1.3 Wrapper for package hooks (HO)
Package: xcolor-patch 2016/05/16 xcolor patch
Package: atveryend 2016/05/16 v1.9 Hooks at the very end of document (HO)
Package atveryend Info: \enddocument detected (standard20110627).
Package: atbegshi 2016/06/09 v1.18 At begin shipout hook (HO)
Package: refcount 2016/05/16 v3.5 Data extraction from label references (HO)
Package: hycolor 2016/05/16 v1.8 Color options for hyperref/bookmark (HO)
)
("C:\Program Files\MiKTeX 2.9\tex\latex\graphics\keyval.sty"
Package: keyval 2014/10/28 v1.15 key=value parser (DPC)
\KV@toks@=\toks21
)
("C:\Program Files\MiKTeX 2.9\tex\generic\ifxetex\ifxetex.sty"
Package: ifxetex 2010/09/12 v0.6 Provides ifxetex conditional
)
("C:\Program Files\MiKTeX 2.9\tex\latex\oberdiek\auxhook.sty"
Package: auxhook 2016/05/16 v1.4 Hooks for auxiliary files (HO)
)
("C:\Program Files\MiKTeX 2.9\tex\latex\oberdiek\kvoptions.sty"
Package: kvoptions 2016/05/16 v3.12 Key value format for package options (HO)
)
\@linkdim=\dimen126
\Hy@linkcounter=\count119
\Hy@pagecounter=\count120

("C:\Program Files\MiKTeX 2.9\tex\latex\hyperref\pd1enc.def"
File: pd1enc.def 2018/09/30 v6.88a Hyperref: PDFDocEncoding definition (HO)
Now handling font encoding PD1 ...
... no UTF-8 mapping file for font encoding PD1
)
\Hy@SavedSpaceFactor=\count121

("C:\Program Files\MiKTeX 2.9\tex\latex\00miktex\hyperref.cfg"
File: hyperref.cfg 2002/06/06 v1.2 hyperref configuration of TeXLive
)
Package hyperref Info: Hyper figures OFF on input line 4535.
Package hyperref Info: Link nesting OFF on input line 4540.
Package hyperref Info: Hyper index ON on input line 4543.
Package hyperref Info: Plain pages OFF on input line 4550.
Package hyperref Info: Backreferencing OFF on input line 4555.
Package hyperref Info: Implicit mode ON; LaTeX internals redefined.
Package hyperref Info: Bookmarks ON on input line 4788.
\c@Hy@tempcnt=\count122

("C:\Program Files\MiKTeX 2.9\tex\latex\url\url.sty"
\Urlmuskip=\muskip10
Package: url 2013/09/16  ver 3.4  Verb mode for urls, etc.
)
LaTeX Info: Redefining \url on input line 5141.
\XeTeXLinkMargin=\dimen127
\Fld@menulength=\count123
\Field@Width=\dimen128
\Fld@charsize=\dimen129
Package hyperref Info: Hyper figures OFF on input line 6396.
Package hyperref Info: Link nesting OFF on input line 6401.
Package hyperref Info: Hyper index ON on input line 6404.
Package hyperref Info: backreferencing OFF on input line 6411.
Package hyperref Info: Link coloring OFF on input line 6416.
Package hyperref Info: Link coloring with OCG OFF on input line 6421.
Package hyperref Info: PDF/A mode OFF on input line 6426.
LaTeX Info: Redefining \ref on input line 6466.
LaTeX Info: Redefining \pageref on input line 6470.
\Hy@abspage=\count124
\c@Item=\count125
\c@Hfootnote=\count126
)
Package hyperref Info: Driver (autodetected): hpdftex.

("C:\Program Files\MiKTeX 2.9\tex\latex\hyperref\hpdftex.def"
File: hpdftex.def 2018/09/30 v6.88a Hyperref driver for pdfTeX
\Fld@listcount=\count127
\c@bookmark@seq@number=\count128

("C:\Program Files\MiKTeX 2.9\tex\latex\oberdiek\rerunfilecheck.sty"
Package: rerunfilecheck 2016/05/16 v1.8 Rerun checks for auxiliary files (HO)
Package uniquecounter Info: New unique counter `rerunfilecheck' on input line 2
82.
)
\Hy@SectionHShift=\skip45
)
("C:\Program Files\MiKTeX 2.9\tex\latex\apacite\apacite.sty"
Package: apacite 2013/07/21 v6.03 APA citation
\c@BibCnt=\count129
\bibleftmargin=\skip46
\bibindent=\skip47
\bibparsep=\skip48
\bibitemsep=\skip49
\biblabelsep=\skip50
)
("C:\Program Files\MiKTeX 2.9\tex\latex\graphics\graphicx.sty"
Package: graphicx 2017/06/01 v1.1a Enhanced LaTeX Graphics (DPC,SPQR)

("C:\Program Files\MiKTeX 2.9\tex\latex\graphics\graphics.sty"
Package: graphics 2017/06/25 v1.2c Standard LaTeX Graphics (DPC,SPQR)

("C:\Program Files\MiKTeX 2.9\tex\latex\graphics\trig.sty"
Package: trig 2016/01/03 v1.10 sin cos tan (DPC)
)
("C:\Program Files\MiKTeX 2.9\tex\latex\graphics-cfg\graphics.cfg"
File: graphics.cfg 2016/06/04 v1.11 sample graphics configuration
)
Package graphics Info: Driver file: pdftex.def on input line 99.

("C:\Program Files\MiKTeX 2.9\tex\latex\graphics-def\pdftex.def"
File: pdftex.def 2018/01/08 v1.0l Graphics/color driver for pdftex
))
\Gin@req@height=\dimen130
\Gin@req@width=\dimen131
)
("C:\Program Files\MiKTeX 2.9\tex\latex\amsmath\amsmath.sty"
Package: amsmath 2017/09/02 v2.17a AMS math features
\@mathmargin=\skip51

For additional information on amsmath, use the `?' option.
("C:\Program Files\MiKTeX 2.9\tex\latex\amsmath\amstext.sty"
Package: amstext 2000/06/29 v2.01 AMS text

("C:\Program Files\MiKTeX 2.9\tex\latex\amsmath\amsgen.sty"
File: amsgen.sty 1999/11/30 v2.0 generic functions
\@emptytoks=\toks22
\ex@=\dimen132
))
("C:\Program Files\MiKTeX 2.9\tex\latex\amsmath\amsbsy.sty"
Package: amsbsy 1999/11/29 v1.2d Bold Symbols
\pmbraise@=\dimen133
)
("C:\Program Files\MiKTeX 2.9\tex\latex\amsmath\amsopn.sty"
Package: amsopn 2016/03/08 v2.02 operator names
)
\inf@bad=\count130
LaTeX Info: Redefining \frac on input line 213.
\uproot@=\count131
\leftroot@=\count132
LaTeX Info: Redefining \overline on input line 375.
\classnum@=\count133
\DOTSCASE@=\count134
LaTeX Info: Redefining \ldots on input line 472.
LaTeX Info: Redefining \dots on input line 475.
LaTeX Info: Redefining \cdots on input line 596.
\Mathstrutbox@=\box54
\strutbox@=\box55
\big@size=\dimen134
LaTeX Font Info:    Redeclaring font encoding OML on input line 712.
LaTeX Font Info:    Redeclaring font encoding OMS on input line 713.


Package amsmath Warning: Unable to redefine math accent \vec.

\macc@depth=\count135
\c@MaxMatrixCols=\count136
\dotsspace@=\muskip11
\c@parentequation=\count137
\dspbrk@lvl=\count138
\tag@help=\toks23
\row@=\count139
\column@=\count140
\maxfields@=\count141
\andhelp@=\toks24
\eqnshift@=\dimen135
\alignsep@=\dimen136
\tagshift@=\dimen137
\tagwidth@=\dimen138
\totwidth@=\dimen139
\lineht@=\dimen140
\@envbody=\toks25
\multlinegap=\skip52
\multlinetaggap=\skip53
\mathdisplay@stack=\toks26
LaTeX Info: Redefining \[ on input line 2817.
LaTeX Info: Redefining \] on input line 2818.
) ("C:\Program Files\MiKTeX 2.9\tex\latex\algorithm2e\algorithm2e.sty"
Package: algorithm2e 2017/07/18 v5.2 algorithms environments
\c@AlgoLine=\count142

("C:\Program Files\MiKTeX 2.9\tex\latex\base\ifthen.sty"
Package: ifthen 2014/09/29 v1.1c Standard LaTeX ifthen package (DPC)
)
\algocf@hangindent=\skip54

("C:\Program Files\MiKTeX 2.9\tex\latex\ifoddpage\ifoddpage.sty"
Package: ifoddpage 2016/04/23 v1.1 Conditionals for odd/even page detection
\c@checkoddpage=\count143
)
("C:\Program Files\MiKTeX 2.9\tex\latex\tools\xspace.sty"
Package: xspace 2014/10/28 v1.13 Space after command names (DPC,MH)
)
("C:\Program Files\MiKTeX 2.9\tex\latex\relsize\relsize.sty"
Package: relsize 2013/03/29 ver 4.1
)
\skiptotal=\skip55
\skiplinenumber=\skip56
\skiprule=\skip57
\skiphlne=\skip58
\skiptext=\skip59
\skiplength=\skip60
\algomargin=\skip61
\skipalgocfslide=\skip62
\algowidth=\dimen141
\inoutsize=\dimen142
\inoutindent=\dimen143
\interspacetitleruled=\dimen144
\interspacealgoruled=\dimen145
\interspacetitleboxruled=\dimen146
\algocf@ruledwidth=\skip63
\algocf@inoutbox=\box56
\algocf@inputbox=\box57
\AlCapSkip=\skip64
\AlCapHSkip=\skip65
\algoskipindent=\skip66
\algocf@nlbox=\box58
\algocf@hangingbox=\box59
\algocf@untilbox=\box60
\algocf@skipuntil=\skip67
\algocf@capbox=\box61
\algocf@lcaptionbox=\skip68
\algoheightruledefault=\skip69
\algoheightrule=\skip70
\algotitleheightruledefault=\skip71
\algotitleheightrule=\skip72
\c@algocfline=\count144
\c@algocfproc=\count145
\c@algocf=\count146
\algocf@algoframe=\box62
\algocf@algobox=\box63
)
("C:\Program Files\MiKTeX 2.9\tex\latex\algorithmicx\algpseudocode.sty"
Package: algpseudocode 

("C:\Program Files\MiKTeX 2.9\tex\latex\algorithmicx\algorithmicx.sty"
Package: algorithmicx 2005/04/27 v1.2 Algorithmicx

Document Style algorithmicx 1.2 - a greatly improved `algorithmic' style
\c@ALG@line=\count147
\c@ALG@rem=\count148
\c@ALG@nested=\count149
\ALG@tlm=\skip73
\ALG@thistlm=\skip74
\c@ALG@Lnr=\count150
\c@ALG@blocknr=\count151
\c@ALG@storecount=\count152
\c@ALG@tmpcounter=\count153
\ALG@tmplength=\skip75
)
Document Style - pseudocode environments for use with the `algorithmicx' style
) ("C:\Program Files\MiKTeX 2.9\tex\latex\acronym\acronym.sty"
Package: acronym 2015/03/21 v1.41 Support for acronyms (Tobias Oetiker)

("C:\Program Files\MiKTeX 2.9\tex\latex\bigfoot\suffix.sty"
Package: suffix 2006/07/15 1.5a Variant command support
)
("C:\Program Files\MiKTeX 2.9\tex\latex\xstring\xstring.sty"
("C:\Program Files\MiKTeX 2.9\tex\generic\xstring\xstring.tex"
\@xs@message=\write3
\integerpart=\count154
\decimalpart=\count155
)
Package: xstring 2013/10/13  v1.7c  String manipulations (C Tellechea)
)
\AC@clearlist=\toks27
)
("GAN - Andreas Wiegandv2.aux"

LaTeX Warning: Label `fig:Bild2' multiply defined.


LaTeX Warning: Label `fig:Bild3' multiply defined.


LaTeX Warning: Label `fig:Bild4' multiply defined.


LaTeX Warning: Label `fig:Bild21' multiply defined.


LaTeX Warning: Label `fig:Bild2' multiply defined.


LaTeX Warning: Label `fig:Bild2' multiply defined.


LaTeX Warning: Label `fig:Bild2' multiply defined.


LaTeX Warning: Label `fig:Bild35' multiply defined.


LaTeX Warning: Label `fig:Bild36' multiply defined.


LaTeX Warning: Label `fig:Bild37' multiply defined.


LaTeX Warning: Label `fig:Bild38' multiply defined.


LaTeX Warning: Label `fig:Bild37' multiply defined.


LaTeX Warning: Label `fig:Bild38' multiply defined.


LaTeX Warning: Label `fig:Bild37' multiply defined.


LaTeX Warning: Label `fig:Bild37' multiply defined.


LaTeX Warning: Label `fig:Bild43' multiply defined.


LaTeX Warning: Label `fig:Bild43' multiply defined.


LaTeX Warning: Label `fig:Bild44' multiply defined.

)
\openout1 = `"GAN - Andreas Wiegandv2.aux"'.

LaTeX Font Info:    Checking defaults for OML/cmm/m/it on input line 16.
LaTeX Font Info:    ... okay on input line 16.
LaTeX Font Info:    Checking defaults for T1/cmr/m/n on input line 16.
LaTeX Font Info:    ... okay on input line 16.
LaTeX Font Info:    Checking defaults for OT1/cmr/m/n on input line 16.
LaTeX Font Info:    ... okay on input line 16.
LaTeX Font Info:    Checking defaults for OMS/cmsy/m/n on input line 16.
LaTeX Font Info:    ... okay on input line 16.
LaTeX Font Info:    Checking defaults for OMX/cmex/m/n on input line 16.
LaTeX Font Info:    ... okay on input line 16.
LaTeX Font Info:    Checking defaults for U/cmr/m/n on input line 16.
LaTeX Font Info:    ... okay on input line 16.
LaTeX Font Info:    Checking defaults for PD1/pdf/m/n on input line 16.
LaTeX Font Info:    ... okay on input line 16.
\AtBeginShipoutBox=\box64
Package hyperref Info: Link coloring OFF on input line 16.
 ("C:\Program Files\MiKTeX 2.9\tex\latex\hyperref\nameref.sty"
Package: nameref 2016/05/21 v2.44 Cross-referencing by name of section

("C:\Program Files\MiKTeX 2.9\tex\generic\oberdiek\gettitlestring.sty"
Package: gettitlestring 2016/05/16 v1.5 Cleanup title references (HO)
)
\c@section@level=\count156
)
LaTeX Info: Redefining \ref on input line 16.
LaTeX Info: Redefining \pageref on input line 16.
LaTeX Info: Redefining \nameref on input line 16.

("GAN - Andreas Wiegandv2.out") ("GAN - Andreas Wiegandv2.out")
\@outlinefile=\write4
\openout4 = `"GAN - Andreas Wiegandv2.out"'.

\c@maskedRefs=\count157

("C:\Program Files\MiKTeX 2.9\tex\latex\apacite\english.apc"
File: english.apc 2013/07/21 v6.03 apacite language file
LaTeX Info: Redefining \BPBI on input line 129.
LaTeX Info: Redefining \BHBI on input line 130.
)
("C:\Program Files\MiKTeX 2.9\tex\context\base\supp-pdf.mkii"
[Loading MPS to PDF converter (version 2006.09.02).]
\scratchcounter=\count158
\scratchdimen=\dimen147
\scratchbox=\box65
\nofMPsegments=\count159
\nofMParguments=\count160
\everyMPshowfont=\toks28
\MPscratchCnt=\count161
\MPscratchDim=\dimen148
\MPnumerator=\count162
\makeMPintoPDFobject=\count163
\everyMPtoPDFconversion=\toks29
) ("C:\Program Files\MiKTeX 2.9\tex\latex\oberdiek\epstopdf-base.sty"
Package: epstopdf-base 2016/05/15 v2.6 Base part for package epstopdf

("C:\Program Files\MiKTeX 2.9\tex\latex\oberdiek\grfext.sty"
Package: grfext 2016/05/16 v1.2 Manage graphics extensions (HO)
)
Package epstopdf-base Info: Redefining graphics rule for `.eps' on input line 4
38.
Package grfext Info: Graphics extension search list:
(grfext)             [.pdf,.png,.jpg,.mps,.jpeg,.jbig2,.jb2,.PDF,.PNG,.JPG,.JPE
G,.JBIG2,.JB2,.eps]
(grfext)             \AppendGraphicsExtensions on input line 456.
)
("GAN - Andreas Wiegandv2.toc"
LaTeX Font Info:    Try loading font information for U+msa on input line 3.

("C:\Program Files\MiKTeX 2.9\tex\latex\amsfonts\umsa.fd"
File: umsa.fd 2013/01/14 v3.01 AMS symbols A
)
LaTeX Font Info:    Try loading font information for U+msb on input line 3.

("C:\Program Files\MiKTeX 2.9\tex\latex\amsfonts\umsb.fd"
File: umsb.fd 2013/01/14 v3.01 AMS symbols B
))
\tf@toc=\write5
\openout5 = `"GAN - Andreas Wiegandv2.toc"'.

 [1


{C:/Users/WiGGa/AppData/Local/MiKTeX/2.9/pdftex/config/pdftex.map}]
Overfull \hbox (3.86139pt too wide) in paragraph at lines 30--31
[]\OT1/cmr/m/n/9 Generative Ad-ver-se-ri-al Net-work(GAN) ist ein k[]un-
 []


Overfull \hbox (0.46046pt too wide) in paragraph at lines 35--37
\OT1/cmr/m/n/10 wie je-de In-for-ma-ti-ons[]ubertragung mit so-ge-nann-ten rau-
schen ver-bun-den das heit
 []


Underfull \hbox (badness 10000) in paragraph at lines 35--37

 []


Underfull \hbox (badness 10000) in paragraph at lines 38--51

 []

[2]

LaTeX Warning: Citation `Grundlagen' undefined on input line 52.


LaTeX Warning: Citation `discrim' undefined on input line 52.


LaTeX Warning: Citation `goodfellow2014' undefined on input line 52.


LaTeX Warning: Citation `data' undefined on input line 52.

[3]
Overfull \hbox (10.72424pt too wide) in paragraph at lines 60--67
[]\OT1/cmr/m/n/10 ahnliche Ar-bei-ten"werden theo-re-ti-sche Grund-la-gen wel-c
he f[]ur die-se Ar-beit ben[]otigt
 []


Underfull \hbox (badness 10000) in paragraph at lines 60--67

 []


Underfull \hbox (badness 10000) in paragraph at lines 60--67

 []


Underfull \hbox (badness 10000) in paragraph at lines 60--67

 []

[4]
<neuronalesnetzwerk.jpg, id=223, 475.7775pt x 401.5pt>
File: neuronalesnetzwerk.jpg Graphic file (type jpg)
<use neuronalesnetzwerk.jpg>
Package pdftex.def Info: neuronalesnetzwerk.jpg  used on input line 78.
(pdftex.def)             Requested size: 173.56177pt x 146.46356pt.

Underfull \vbox (badness 1990) has occurred while \output is active []

 [5 <./neuronalesnetzwerk.jpg>]
<Neuron.png, id=230, 1688.3075pt x 801.99625pt>
File: Neuron.png Graphic file (type png)
<use Neuron.png>
Package pdftex.def Info: Neuron.png  used on input line 87.
(pdftex.def)             Requested size: 173.56177pt x 82.44377pt.

Underfull \hbox (badness 10000) in paragraph at lines 92--100

 []


Underfull \hbox (badness 10000) in paragraph at lines 92--100

 []

[6 <./Neuron.png>]
<sigmoid.png, id=246, 343.2825pt x 188.95593pt>
File: sigmoid.png Graphic file (type png)
<use sigmoid.png>
Package pdftex.def Info: sigmoid.png  used on input line 134.
(pdftex.def)             Requested size: 173.56177pt x 95.53299pt.
<softmax.png, id=247, 301.8778pt x 170.13562pt>
File: softmax.png Graphic file (type png)
<use softmax.png>
Package pdftex.def Info: softmax.png  used on input line 141.
(pdftex.def)             Requested size: 173.56177pt x 97.81682pt.
 [7 <./sigmoid.png> <./softmax.png>]
<gradient.png, id=261, 306.14375pt x 165.61874pt>
File: gradient.png Graphic file (type png)
<use gradient.png>
Package pdftex.def Info: gradient.png  used on input line 152.
(pdftex.def)             Requested size: 173.56177pt x 93.89317pt.

Underfull \hbox (badness 10000) in paragraph at lines 147--159

 []


Overfull \hbox (13.90489pt too wide) in paragraph at lines 147--159
\OT1/cmr/m/n/10 der Back-pro-pa-ga-ti-on Al-go-rith-mus be-nutzt wer-den die-se
r z[]ahlt zu den Optimierungs-
 []

<saddle.png, id=265, 362.85562pt x 121.95563pt>
File: saddle.png Graphic file (type png)
<use saddle.png>
Package pdftex.def Info: saddle.png  used on input line 162.
(pdftex.def)             Requested size: 347.12354pt x 116.67036pt.
[8 <./gradient.png>]

LaTeX Warning: Citation `momentum' undefined on input line 178.


Underfull \hbox (badness 10000) in paragraph at lines 169--179

 []


Underfull \hbox (badness 10000) in paragraph at lines 169--179

 []


Underfull \hbox (badness 10000) in paragraph at lines 169--179

 []


Underfull \hbox (badness 10000) in paragraph at lines 169--179

 []


Underfull \hbox (badness 10000) in paragraph at lines 182--184

 []

[9 <./saddle.png>]
Underfull \hbox (badness 10000) in paragraph at lines 187--190

 []


Underfull \hbox (badness 10000) in paragraph at lines 191--193

 []


Underfull \hbox (badness 10000) in paragraph at lines 194--196

 []


LaTeX Warning: Citation `batchnorm' undefined on input line 201.

LaTeX Font Info:    Try loading font information for OMS+cmr on input line 204.

("C:\Program Files\MiKTeX 2.9\tex\latex\base\omscmr.fd"
File: omscmr.fd 2014/09/29 v2.5h Standard LaTeX font definitions
)
LaTeX Font Info:    Font shape `OMS/cmr/m/n' in size <10> not available
(Font)              Font shape `OMS/cmsy/m/n' tried instead on input line 204.

Underfull \hbox (badness 10000) in paragraph at lines 199--219

 []


Underfull \hbox (badness 10000) in paragraph at lines 199--219

 []


Underfull \vbox (badness 10000) has occurred while \output is active []

 [10]
<batchnorm.png, id=296, 209.28188pt x 219.82124pt>
File: batchnorm.png Graphic file (type png)
<use batchnorm.png>
Package pdftex.def Info: batchnorm.png  used on input line 235.
(pdftex.def)             Requested size: 173.56177pt x 182.30063pt.


LaTeX Warning: Citation `crossentropy' undefined on input line 243.


Underfull \hbox (badness 10000) in paragraph at lines 242--250

 []


Underfull \hbox (badness 10000) in paragraph at lines 242--250

 []


Underfull \hbox (badness 10000) in paragraph at lines 242--250

 []

[11]
<plyexample.png, id=329, 251.13824pt x 242.1045pt>
File: plyexample.png Graphic file (type png)
<use plyexample.png>
Package pdftex.def Info: plyexample.png  used on input line 257.
(pdftex.def)             Requested size: 173.56177pt x 167.32565pt.
<datenformat.png, id=331, 429.10312pt x 407.27156pt>
File: datenformat.png Graphic file (type png)
<use datenformat.png>
Package pdftex.def Info: datenformat.png  used on input line 266.
(pdftex.def)             Requested size: 347.12354pt x 329.46556pt.

Underfull \hbox (badness 10000) in paragraph at lines 253--271

 []

[12 <./batchnorm.png>]
Underfull \hbox (badness 10000) in paragraph at lines 272--274

 []

<lematech_1.png, id=342, 650.43pt x 279.29344pt>
File: lematech_1.png Graphic file (type png)
<use lematech_1.png>
Package pdftex.def Info: lematech_1.png  used on input line 277.
(pdftex.def)             Requested size: 173.56177pt x 74.5238pt.
<lematech_2.png, id=343, 624.08156pt x 249.18094pt>
File: lematech_2.png Graphic file (type png)
<use lematech_2.png>
Package pdftex.def Info: lematech_2.png  used on input line 284.
(pdftex.def)             Requested size: 173.56177pt x 69.2987pt.

LaTeX Warning: Citation `3dprob' undefined on input line 294.


LaTeX Warning: Citation `3dgan' undefined on input line 298.


Underfull \hbox (badness 10000) in paragraph at lines 293--299

 []

[13 <./plyexample.png>] [14 <./datenformat.png> <./lematech_1.png>]
Underfull \hbox (badness 10000) in paragraph at lines 302--312

 []

[15 <./lematech_2.png>]
<convol.png, id=373, 1043.9pt x 321.2pt>
File: convol.png Graphic file (type png)
<use convol.png>
Package pdftex.def Info: convol.png  used on input line 315.
(pdftex.def)             Requested size: 347.12354pt x 106.80501pt.


LaTeX Warning: Citation `conv' undefined on input line 322.

<conv.png, id=380, 307.1475pt x 188.20313pt>
File: conv.png Graphic file (type png)
<use conv.png>
Package pdftex.def Info: conv.png  used on input line 326.
(pdftex.def)             Requested size: 277.69987pt x 170.17096pt.
[16 <./convol.png>]
<decon.png, id=394, 333.49594pt x 110.66344pt>
File: decon.png Graphic file (type png)
<use decon.png>
Package pdftex.def Info: decon.png  used on input line 337.
(pdftex.def)             Requested size: 347.12354pt x 115.19362pt.
 [17 <./conv.png>]

LaTeX Warning: Citation `dimreduction' undefined on input line 347.


Underfull \hbox (badness 10000) in paragraph at lines 345--350

 []


Underfull \hbox (badness 10000) in paragraph at lines 345--350

 []

[18 <./decon.png>]
<autoencoder.png, id=418, 447.92343pt x 240.9pt>
File: autoencoder.png Graphic file (type png)
<use autoencoder.png>
Package pdftex.def Info: autoencoder.png  used on input line 353.
(pdftex.def)             Requested size: 347.12354pt x 186.69188pt.


LaTeX Warning: Citation `invariant' undefined on input line 358.


LaTeX Warning: Citation `autoencoderloss' undefined on input line 360.


Underfull \hbox (badness 10000) in paragraph at lines 358--367

 []


Underfull \hbox (badness 10000) in paragraph at lines 358--367

 []


Underfull \hbox (badness 10000) in paragraph at lines 358--367

 []

<emd.png, id=424, 523.35526pt x 306.54526pt>
File: emd.png Graphic file (type png)
<use emd.png>
Package pdftex.def Info: emd.png  used on input line 370.
(pdftex.def)             Requested size: 173.56177pt x 101.66074pt.

Underfull \hbox (badness 10000) in paragraph at lines 375--382

 []


Underfull \hbox (badness 10000) in paragraph at lines 375--382

 []

[19 <./autoencoder.png>]
<chamfer.png, id=439, 522.753pt x 303.534pt>
File: chamfer.png Graphic file (type png)
<use chamfer.png>
Package pdftex.def Info: chamfer.png  used on input line 385.
(pdftex.def)             Requested size: 173.56177pt x 100.77788pt.


LaTeX Warning: Citation `improvingan' undefined on input line 402.


LaTeX Warning: Citation `improving' undefined on input line 403.


Underfull \hbox (badness 10000) in paragraph at lines 393--404

 []


Underfull \hbox (badness 10000) in paragraph at lines 393--404

 []

[20 <./emd.png> <./chamfer.png>]
<GAN_GRUNDAUFBAU.png, id=457, 343.2825pt x 244.66406pt>
File: GAN_GRUNDAUFBAU.png Graphic file (type png)
<use GAN_GRUNDAUFBAU.png>
Package pdftex.def Info: GAN_GRUNDAUFBAU.png  used on input line 413.
(pdftex.def)             Requested size: 347.12354pt x 247.39993pt.

Underfull \hbox (badness 10000) in paragraph at lines 409--437

 []


Underfull \vbox (badness 10000) has occurred while \output is active []

 [21]
Underfull \vbox (badness 10000) has occurred while \output is active []

 [22 <./GAN_GRUNDAUFBAU.png>]

LaTeX Warning: Citation `dcgan' undefined on input line 441.


Underfull \hbox (badness 10000) in paragraph at lines 439--442

 []

<dcgan1.png, id=477, 779.16093pt x 188.95593pt>
File: dcgan1.png Graphic file (type png)
<use dcgan1.png>
Package pdftex.def Info: dcgan1.png  used on input line 445.
(pdftex.def)             Requested size: 347.12354pt x 84.1817pt.

LaTeX Warning: Citation `sha' undefined on input line 455.


Underfull \hbox (badness 10000) in paragraph at lines 450--456

 []


Underfull \hbox (badness 10000) in paragraph at lines 450--456

 []


Underfull \vbox (badness 4279) has occurred while \output is active []

 [23]
<KLdiv.png, id=505, 716.6775pt x 173.89969pt>
File: KLdiv.png Graphic file (type png)
<use KLdiv.png>
Package pdftex.def Info: KLdiv.png  used on input line 459.
(pdftex.def)             Requested size: 347.12354pt x 84.22978pt.

Underfull \hbox (badness 10000) in paragraph at lines 465--468

 []


Overfull \hbox (13.33536pt too wide) in paragraph at lines 465--468
\OT1/cmr/m/n/10 Wie auch an-de-ren ge-ne-ra-ti-ven Mo-del-le ha-ben auch GANs n
och Schw[]achen bez[]uglich
 []


Overfull \hbox (11.71046pt too wide) in paragraph at lines 465--468
\OT1/cmr/m/n/10 auf ei-ni-ge Pro-ble-me ein-ge-gan-gen wel-che im dar-auf-fol-g
en-den Ka-pi-tel L[]osungsans[]atze
 []


Underfull \hbox (badness 10000) in paragraph at lines 465--468

 []


Underfull \hbox (badness 10000) in paragraph at lines 471--474

 []

[24 <./dcgan1.png> <./KLdiv.png>]
Underfull \hbox (badness 10000) in paragraph at lines 475--478

 []


LaTeX Warning: Citation `wasserstein' undefined on input line 480.


Underfull \hbox (badness 10000) in paragraph at lines 479--482

 []


LaTeX Warning: Citation `metrics' undefined on input line 484.


Overfull \hbox (21.75214pt too wide) in paragraph at lines 483--485
\OT1/cmr/m/n/10 Die Loss Funk-ti-on der GANs lie-fert kei-ne aus-sa-ge-kr[]afti
gen Eva-lua-ti-onsm[]oglichkeit
 []


Overfull \hbox (6.47417pt too wide) in paragraph at lines 483--485
\OT1/cmr/m/n/10 wen-den und an die-sen die Ge-nau-ig-keit des Mo-dells zu te-st
en. Die-se M[]oglichkeit
 []


Underfull \hbox (badness 10000) in paragraph at lines 488--491

 []


Underfull \hbox (badness 10000) in paragraph at lines 488--491

 []


Overfull \hbox (19.12701pt too wide) in paragraph at lines 493--495
\OT1/cmr/m/n/10 gleich-zei-tig auch ver-su-chen die Da-ten-ver-tei-lung der Tra
i-nings-da-ten abzudecken[][]?[],
 []


Underfull \hbox (badness 10000) in paragraph at lines 493--495

 []


Underfull \hbox (badness 10000) in paragraph at lines 497--499

 []

[25]
Underfull \hbox (badness 10000) in paragraph at lines 501--503

 []


Underfull \hbox (badness 10000) in paragraph at lines 505--507

 []


Underfull \hbox (badness 10000) in paragraph at lines 509--511

 []


Underfull \hbox (badness 10000) in paragraph at lines 513--531

 []


Underfull \hbox (badness 10000) in paragraph at lines 513--531

 []


Underfull \hbox (badness 10000) in paragraph at lines 513--531

 []


Underfull \hbox (badness 10000) in paragraph at lines 513--531

 []

[26]
Underfull \hbox (badness 10000) in paragraph at lines 535--542

 []


Underfull \hbox (badness 10000) in paragraph at lines 535--542

 []


Overfull \hbox (33.23825pt too wide) in paragraph at lines 535--542
\OT1/cmr/m/n/10 Bei-spiels-wei-e durch Convolutional-Layer, Deconvolutional-La
yer oder Fully-Connected-
 []

<cgan.png, id=546, 338.76563pt x 263.48438pt>
File: cgan.png Graphic file (type png)
<use cgan.png>
Package pdftex.def Info: cgan.png  used on input line 545.
(pdftex.def)             Requested size: 173.56177pt x 134.99438pt.
)
Runaway argument?
{Conditional Adverserial Network\cite {cgan} \label {fig:Bild20} \end \ETC.
! File ended while scanning use of \@xdblarg.
<inserted text> 
                \par 
<*> "./GAN - Andreas Wiegandv2.tex"
                                   
I suspect you have forgotten a `}', causing me
to read past where you wanted me to stop.
I'll try to recover; but if the error is serious,
you'd better type `E' or `X' now and fix your file.

! Emergency stop.
<*> "./GAN - Andreas Wiegandv2.tex"
                                   
*** (job aborted, no legal \end found)

 
Here is how much of TeX's memory you used:
 9537 strings out of 492970
 136587 string characters out of 3135854
 267094 words of memory out of 3000000
 13123 multiletter control sequences out of 15000+200000
 8120 words of font info for 31 fonts, out of 3000000 for 9000
 1141 hyphenation exceptions out of 8191
 31i,20n,30p,1946b,542s stack positions out of 5000i,500n,10000p,200000b,50000s
!  ==> Fatal error occurred, no output PDF file produced!
