\BOOKMARK [1][-]{section.1.1}{Einleitung}{}% 1
\BOOKMARK [2][-]{subsection.1.1.1}{Zielsetzung}{section.1.1}% 2
\BOOKMARK [2][-]{subsection.1.1.2}{\334berlick}{section.1.1}% 3
\BOOKMARK [1][-]{section.1.2}{Grundlagen und \344hnliche Arbeiten}{}% 4
\BOOKMARK [2][-]{subsection.1.2.1}{K\374nstliche Neuronale Netzwerke}{section.1.2}% 5
\BOOKMARK [3][-]{subsubsection.1.2.1.1}{Ziel-Funktion}{subsection.1.2.1}% 6
\BOOKMARK [3][-]{subsubsection.1.2.1.2}{Backpropagation Algorithmus}{subsection.1.2.1}% 7
\BOOKMARK [3][-]{subsubsection.1.2.1.3}{Momentum}{subsection.1.2.1}% 8
\BOOKMARK [3][-]{subsubsection.1.2.1.4}{Regularization}{subsection.1.2.1}% 9
\BOOKMARK [3][-]{subsubsection.1.2.1.5}{Batch Normalisation}{subsection.1.2.1}% 10
\BOOKMARK [2][-]{subsection.1.2.2}{Convolutional Neural Networks}{section.1.2}% 11
\BOOKMARK [2][-]{subsection.1.2.3}{Autoencoder}{section.1.2}% 12
\BOOKMARK [2][-]{subsection.1.2.4}{Generative Adversarial Network}{section.1.2}% 13
\BOOKMARK [3][-]{subsubsection.1.2.4.1}{Probleme mit GANs}{subsection.1.2.4}% 14
\BOOKMARK [3][-]{subsubsection.1.2.4.2}{L\366sungsans\344tze f\374r die GAN Probleme}{subsection.1.2.4}% 15
\BOOKMARK [2][-]{subsection.1.2.5}{Conditional-GAN}{section.1.2}% 16
\BOOKMARK [2][-]{subsection.1.2.6}{3D-GAN}{section.1.2}% 17
\BOOKMARK [2][-]{subsection.1.2.7}{Rekonstruktion von Daten}{section.1.2}% 18
\BOOKMARK [2][-]{subsection.1.2.8}{Datenformat Punktwolken}{section.1.2}% 19
\BOOKMARK [3][-]{subsubsection.1.2.8.1}{Datenaufnahme von Tabakpflanzen}{subsection.1.2.8}% 20
\BOOKMARK [3][-]{subsubsection.1.2.8.2}{Die Schwierigkeit bei mit 3D-Data bei Machine Learning Ans\344tzen}{subsection.1.2.8}% 21
\BOOKMARK [1][-]{section.1.3}{Methoden}{}% 22
\BOOKMARK [2][-]{subsection.1.3.1}{Datensatz 1. Versuchsaufbau}{section.1.3}% 23
\BOOKMARK [2][-]{subsection.1.3.2}{Datensatz 2. Versuchsaufbau}{section.1.3}% 24
\BOOKMARK [2][-]{subsection.1.3.3}{Versuchsaufbau 1 - GAN}{section.1.3}% 25
\BOOKMARK [2][-]{subsection.1.3.4}{Versuchsaufbau 2 - CGAN f\374r Punktwolkenrekonstruktion }{section.1.3}% 26
\BOOKMARK [1][-]{section.1.4}{Evaluation und Ergebnisse}{}% 27
\BOOKMARK [2][-]{subsection.1.4.1}{Ergebnisse - Versuchsaufbau 1}{section.1.4}% 28
\BOOKMARK [2][-]{subsection.1.4.2}{Ergebnisse - Versuchsaufbau 2}{section.1.4}% 29
\BOOKMARK [1][-]{section.1.5}{Zusammenfassung und Diskussion }{}% 30
\BOOKMARK [1][-]{section*.58}{Literatur}{}% 31
